<?xml version="1.0" encoding="UTF-8"?>
<!-- Generated by org.testng.reporters.JUnitReportReporter -->
<testsuite hostname="DESKTOP-DOJ891E" failures="0" tests="2" name="utils.baseTest" time="16.145" errors="0" timestamp="2025-06-06T19:52:27 IST" skipped="0">
  <testcase classname="utils.baseTest" name="tearDown" time="0.399"/>
  <testcase classname="utils.baseTest" name="setup" time="15.746"/>
</testsuite> <!-- utils.baseTest -->
